<?xml version="1.0" encoding="UTF-8"?>
<!-- Generated by org.testng.reporters.JUnitReportReporter -->
<testsuite hostname="DESKTOP-521U7HV" failures="0" tests="1" name="runner.TestRunner" time="9.687" errors="0" timestamp="2024-08-14T09:24:03 IST" skipped="0">
  <testcase classname="runner.TestRunner" name="runScenario" time="9.687"/>
</testsuite> <!-- runner.TestRunner -->
